<?xml version="1.0" encoding="UTF-8"?>
<!-- Generated by org.testng.reporters.JUnitXMLReporter -->
<testsuite hostname="aspire590" name="MFClient-Regression Tests"
	tests="82" failures="1" timestamp="14 Jul 2014 13:38:48 GMT" time="5589.035"
	errors="0">
	<testcase name="TC_003" time="91.197"
		classname="MFClient.Tests.ClientRegressionTest" />
	<testcase name="TC_001" time="121.845"
		classname="MFClient.Tests.ClientRegressionTest" />
	<testcase name="TC_002" time="214.865"
		classname="MFClient.Tests.ClientRegressionTest" />
	<testcase name="TC_003" time="207.735"
		classname="MFClient.Tests.ClientRegressionTest" />
	<testcase name="TC_001" time="208.1"
		classname="MFClient.Tests.ClientRegressionTest" />
	<testcase name="TC_002" time="204.082"
		classname="MFClient.Tests.ClientRegressionTest" />
	<testcase name="TC_003" time="202.657"
		classname="MFClient.Tests.ClientRegressionTest" />
	<testcase name="TC_001" time="204.194"
		classname="MFClient.Tests.ClientRegressionTest" />
	<testcase name="TC_002" time="217.882"
		classname="MFClient.Tests.ClientRegressionTest" />
	<testcase name="TC_003" time="217.244"
		classname="MFClient.Tests.ClientRegressionTest" />
	<testcase name="TC_001" time="215.902"
		classname="MFClient.Tests.ClientRegressionTest" />
	<testcase name="TC_002" time="200.977"
		classname="MFClient.Tests.ClientRegressionTest" />
	<testcase name="TC_004" time="203.249"
		classname="MFClient.Tests.ClientRegressionTest" />
	<testcase name="TC_001" time="210.323"
		classname="MFClient.Tests.ClientRegressionTest" />
	<testcase name="TC_002" time="210.321"
		classname="MFClient.Tests.ClientRegressionTest" />
	<testcase name="TC_004" time="220.1"
		classname="MFClient.Tests.ClientRegressionTest" />
	<testcase name="TC_005" time="272.127"
		classname="MFClient.Tests.ClientRegressionTest" />
	<testcase name="TC_006" time="241.333"
		classname="MFClient.Tests.ClientRegressionTest" />
	<testcase name="TC_004" time="232.43"
		classname="MFClient.Tests.ClientRegressionTest" />
	<testcase name="TC_005" time="232.497"
		classname="MFClient.Tests.ClientRegressionTest" />
	<testcase name="TC_007" time="258.54"
		classname="MFClient.Tests.ClientRegressionTest" />
	<testcase name="TC_004" time="260.241"
		classname="MFClient.Tests.ClientRegressionTest" />
	<testcase name="TC_005" time="260.612"
		classname="MFClient.Tests.ClientRegressionTest" />
	<testcase name="TC_007" time="262.349"
		classname="MFClient.Tests.ClientRegressionTest" />
	<testcase name="TC_008" time="263.688"
		classname="MFClient.Tests.ClientRegressionTest" />
	<testcase name="TC_005" time="261.201"
		classname="MFClient.Tests.ClientRegressionTest" />
	<testcase name="TC_007" time="261.191"
		classname="MFClient.Tests.ClientRegressionTest" />
	<testcase name="TC_009" time="258.455"
		classname="MFClient.Tests.ClientRegressionTest" />
	<testcase name="TC_010" time="260.158"
		classname="MFClient.Tests.ClientRegressionTest" />
	<testcase name="TC_007" time="257.94"
		classname="MFClient.Tests.ClientRegressionTest" />
	<testcase name="TC_011" time="234.539"
		classname="MFClient.Tests.ClientRegressionTest" />
	<testcase name="TC_012" time="224.784"
		classname="MFClient.Tests.ClientRegressionTest" />
	<testcase name="TC_013" time="225.743"
		classname="MFClient.Tests.ClientRegressionTest" />
	<testcase name="TC_014" time="242.711"
		classname="MFClient.Tests.ClientRegressionTest" />
	<testcase name="TC_012" time="244.728"
		classname="MFClient.Tests.ClientRegressionTest" />
	<testcase name="TC_015" time="212.104"
		classname="MFClient.Tests.ClientRegressionTest" />
	<testcase name="TC_016" time="194.201"
		classname="MFClient.Tests.ClientRegressionTest" />
	<testcase name="TC_017" time="174.927"
		classname="MFClient.Tests.ClientRegressionTest" />
	<testcase name="TC_018" time="197.422"
		classname="MFClient.Tests.ClientRegressionTest">
		<skipped />
	</testcase> <!-- TC_018 -->
	<testcase name="TC_019" time="214.301"
		classname="MFClient.Tests.ClientRegressionTest" />
	<testcase name="TC_020" time="240.556"
		classname="MFClient.Tests.ClientRegressionTest" />
	<testcase name="TC_021" time="201.621"
		classname="MFClient.Tests.ClientRegressionTest">
		<skipped />
	</testcase> <!-- TC_021 -->
	<testcase name="TC_022" time="185.505"
		classname="MFClient.Tests.ClientRegressionTest" />
	<testcase name="TC_023" time="151.18"
		classname="MFClient.Tests.ClientRegressionTest">
		<skipped />
	</testcase> <!-- TC_023 -->
	<testcase name="TC_024" time="147.552"
		classname="MFClient.Tests.ClientRegressionTest">
		<failure type="org.openqa.selenium.NoSuchElementException"
			message="showTreeView icon not displayed.
For documentation on this error, please visit: http://seleniumhq.org/exceptions/no_such_element.html
Build info: version: &amp;apos;2.41.0&amp;apos;, revision: &amp;apos;3192d8a6c4449dc285928ba024779344f5423c58&amp;apos;, time: &amp;apos;2014-03-27 11:29:39&amp;apos;
System info: host: &amp;apos;aspire590&amp;apos;, ip: &amp;apos;192.168.2.169&amp;apos;, os.name: &amp;apos;Windows 7&amp;apos;, os.arch: &amp;apos;x86&amp;apos;, os.version: &amp;apos;6.1&amp;apos;, java.version: &amp;apos;1.7.0_51&amp;apos;
Driver info: driver.version: unknown">
      <![CDATA[org.openqa.selenium.NoSuchElementException: showTreeView icon not displayed.
For documentation on this error, please visit: http://seleniumhq.org/exceptions/no_such_element.html
Build info: version: '2.41.0', revision: '3192d8a6c4449dc285928ba024779344f5423c58', time: '2014-03-27 11:29:39'
System info: host: 'aspire590', ip: '192.168.2.169', os.name: 'Windows 7', os.arch: 'x86', os.version: '6.1', java.version: '1.7.0_51'
Driver info: driver.version: unknown
	at MFClient.Pages.HomePage.showTreeView(HomePage.java:1678)
	at MFClient.Tests.ClientRegressionTest.TC_024(ClientRegressionTest.java:2591)
	at java.util.concurrent.ThreadPoolExecutor.runWorker(ThreadPoolExecutor.java:1145)
	at java.util.concurrent.ThreadPoolExecutor$Worker.run(ThreadPoolExecutor.java:615)
	at java.lang.Thread.run(Thread.java:744)
... Removed 10 stack frames]]>
		</failure>
	</testcase> <!-- TC_024 -->
	<testcase name="TC_025" time="120.021"
		classname="MFClient.Tests.ClientRegressionTest" />
	<testcase name="TC_026" time="101.843"
		classname="MFClient.Tests.ClientRegressionTest" />
	<testcase name="TC_027" time="106.518"
		classname="MFClient.Tests.ClientRegressionTest" />
	<testcase name="TC_028" time="106.299"
		classname="MFClient.Tests.ClientRegressionTest" />
	<testcase name="TC_029" time="172.376"
		classname="MFClient.Tests.ClientRegressionTest" />
	<testcase name="TC_030" time="188.404"
		classname="MFClient.Tests.ClientRegressionTest" />
	<testcase name="TC_031" time="206.734"
		classname="MFClient.Tests.ClientRegressionTest" />
	<testcase name="TC_032" time="167.19"
		classname="MFClient.Tests.ClientRegressionTest" />
	<testcase name="TC_033" time="190.592"
		classname="MFClient.Tests.ClientRegressionTest" />
	<testcase name="TC_036" time="199.631"
		classname="MFClient.Tests.ClientRegressionTest" />
	<testcase name="TC_037" time="174.177"
		classname="MFClient.Tests.ClientRegressionTest" />
	<testcase name="TC_038" time="151.219"
		classname="MFClient.Tests.ClientRegressionTest">
		<skipped />
	</testcase> <!-- TC_038 -->
	<testcase name="TC_044" time="174.23"
		classname="MFClient.Tests.ClientRegressionTest" />
	<testcase name="TC_045" time="211.087"
		classname="MFClient.Tests.ClientRegressionTest" />
	<testcase name="TC_047" time="226.211"
		classname="MFClient.Tests.ClientRegressionTest" />
	<testcase name="TC_048" time="209.045"
		classname="MFClient.Tests.ClientRegressionTest">
		<skipped />
	</testcase> <!-- TC_048 -->
	<testcase name="TC_050" time="215.713"
		classname="MFClient.Tests.ClientRegressionTest" />
	<testcase name="TC_051" time="233.632"
		classname="MFClient.Tests.ClientRegressionTest" />
	<testcase name="TC_052" time="231.178"
		classname="MFClient.Tests.ClientRegressionTest" />
	<testcase name="TC_053" time="215.429"
		classname="MFClient.Tests.ClientRegressionTest" />
	<testcase name="TC_062" time="202.47"
		classname="MFClient.Tests.ClientRegressionTest" />
	<testcase name="TC_063" time="216.355"
		classname="MFClient.Tests.ClientRegressionTest" />
	<testcase name="TC_064" time="231.588"
		classname="MFClient.Tests.ClientRegressionTest" />
	<testcase name="TC_065" time="240.588"
		classname="MFClient.Tests.ClientRegressionTest" />
	<testcase name="TC_067" time="222.998"
		classname="MFClient.Tests.ClientRegressionTest" />
	<testcase name="TC_068" time="205.188"
		classname="MFClient.Tests.ClientRegressionTest" />
	<testcase name="TC_069" time="179.821"
		classname="MFClient.Tests.ClientRegressionTest" />
	<testcase name="TC_071" time="177.171"
		classname="MFClient.Tests.ClientRegressionTest" />
	<testcase name="TC_072" time="172.946"
		classname="MFClient.Tests.ClientRegressionTest" />
	<testcase name="TC_073" time="183.06"
		classname="MFClient.Tests.ClientRegressionTest" />
	<testcase name="TC_074" time="187.741"
		classname="MFClient.Tests.ClientRegressionTest" />
	<testcase name="TC_075" time="192.797"
		classname="MFClient.Tests.ClientRegressionTest" />
	<testcase name="TC_076" time="196.471"
		classname="MFClient.Tests.ClientRegressionTest" />
	<testcase name="TC_077" time="199.815"
		classname="MFClient.Tests.ClientRegressionTest" />
	<testcase name="TC_079" time="171.17"
		classname="MFClient.Tests.ClientRegressionTest" />
	<testcase name="TC_082" time="145.058"
		classname="MFClient.Tests.ClientRegressionTest" />
	<testcase name="TC_083" time="108.543"
		classname="MFClient.Tests.ClientRegressionTest" />
</testsuite> <!-- MFClient-Regression Tests -->
