<?xml version="1.0" encoding="UTF-8"?>
<!-- Generated by org.testng.reporters.JUnitXMLReporter -->
<testsuite hostname="aspire1355" name="Mobile access - Smoke Test cases" tests="1" failures="1" timestamp="13 Jul 2016 13:16:31 GMT" time="13.763" errors="0">
  <testcase name="SmokeCaseTest1_1" time="13.749" classname="MFMA.Tests.SmokeTestCases">
    <failure type="java.lang.Exception" message="Exception encountered in getDriver Method.A new session could not be created. (Original error: Command failed: C:\WINDOWS\system32\cmd.exe /s /c &amp;quot;&amp;quot;C:\Program Files (x86)\Android\android-sdk\platform-tools\adb.exe&amp;quot; -s adb server is out of date.  killing... wait-for-device&amp;quot;
error: could not install *smartsocket* listener: cannot bind to 127.0.0.1:5037: Only one usage of each socket address (protocol/network address/port) is normally permitted. (10048)
could not read ok from ADB Server
* could not start server *
) (WARNING: The server did not provide any stacktrace information)
Command duration or timeout: 13.50 seconds
Build info: version: &amp;apos;2.53.1&amp;apos;, revision: &amp;apos;a36b8b1cd5757287168e54b817830adce9b0158d&amp;apos;, time: &amp;apos;2016-06-30 19:26:09&amp;apos;
System info: host: &amp;apos;aspire1355&amp;apos;, ip: &amp;apos;172.24.166.141&amp;apos;, os.name: &amp;apos;Windows 10&amp;apos;, os.arch: &amp;apos;amd64&amp;apos;, os.version: &amp;apos;10.0&amp;apos;, java.version: &amp;apos;1.8.0_60&amp;apos;
Driver info: io.appium.java_client.android.AndroidDriver">
      <![CDATA[java.lang.Exception: Exception encountered in getDriver Method.A new session could not be created. (Original error: Command failed: C:\WINDOWS\system32\cmd.exe /s /c ""C:\Program Files (x86)\Android\android-sdk\platform-tools\adb.exe" -s adb server is out of date.  killing...
 wait-for-device"
error: could not install *smartsocket* listener: cannot bind to 127.0.0.1:5037: Only one usage of each socket address (protocol/network address/port) is normally permitted. (10048)
could not read ok from ADB Server
* could not start server *
) (WARNING: The server did not provide any stacktrace information)
Command duration or timeout: 13.50 seconds
Build info: version: '2.53.1', revision: 'a36b8b1cd5757287168e54b817830adce9b0158d', time: '2016-06-30 19:26:09'
System info: host: 'aspire1355', ip: '172.24.166.141', os.name: 'Windows 10', os.arch: 'amd64', os.version: '10.0', java.version: '1.8.0_60'
Driver info: io.appium.java_client.android.AndroidDriver
	at genericLibrary.MobileDriverUtils.getDriver(MobileDriverUtils.java:74)
	at MFMA.Tests.SmokeTestCases.SmokeCaseTest1_1(SmokeTestCases.java:73)
... Removed 27 stack frames]]>
    </failure>
  </testcase> <!-- SmokeCaseTest1_1 -->
</testsuite> <!-- Mobile access - Smoke Test cases -->
