<?xml version="1.0" encoding="UTF-8"?>
<!-- Generated by org.testng.reporters.JUnitXMLReporter -->
<testsuite hostname="aspire742" name="Samsung" tests="4" failures="4" timestamp="14 Jul 2016 12:47:54 GMT" time="4.758" errors="0">
  <testcase name="SmokeCaseTest1_1" time="1.689" classname="MFMA.Tests.SmokeTestCases">
    <failure type="java.lang.Exception" message="Exception encountered in getDriver Method.Could not start a new session. Possible causes are invalid address of the remote server or browser start-up failure.
Build info: version: &amp;apos;2.53.1&amp;apos;, revision: &amp;apos;a36b8b1cd5757287168e54b817830adce9b0158d&amp;apos;, time: &amp;apos;2016-06-30 19:26:09&amp;apos;
System info: host: &amp;apos;aspire742&amp;apos;, ip: &amp;apos;172.24.130.24&amp;apos;, os.name: &amp;apos;Windows 7&amp;apos;, os.arch: &amp;apos;amd64&amp;apos;, os.version: &amp;apos;6.1&amp;apos;, java.version: &amp;apos;1.8.0_73&amp;apos;
Driver info: driver.version: AndroidDriver">
      <![CDATA[java.lang.Exception: Exception encountered in getDriver Method.Could not start a new session. Possible causes are invalid address of the remote server or browser start-up failure.
Build info: version: '2.53.1', revision: 'a36b8b1cd5757287168e54b817830adce9b0158d', time: '2016-06-30 19:26:09'
System info: host: 'aspire742', ip: '172.24.130.24', os.name: 'Windows 7', os.arch: 'amd64', os.version: '6.1', java.version: '1.8.0_73'
Driver info: driver.version: AndroidDriver
	at genericLibrary.MobileDriverUtils.getDriver(MobileDriverUtils.java:72)
	at MFMA.Tests.SmokeTestCases.SmokeCaseTest1_1(SmokeTestCases.java:74)
... Removed 27 stack frames]]>
    </failure>
  </testcase> <!-- SmokeCaseTest1_1 -->
  <testcase name="SmokeCaseTest1_2" time="1.012" classname="MFMA.Tests.SmokeTestCases">
    <failure type="java.lang.Exception" message="Exception encountered in getDriver Method.Could not start a new session. Possible causes are invalid address of the remote server or browser start-up failure.
Build info: version: &amp;apos;2.53.1&amp;apos;, revision: &amp;apos;a36b8b1cd5757287168e54b817830adce9b0158d&amp;apos;, time: &amp;apos;2016-06-30 19:26:09&amp;apos;
System info: host: &amp;apos;aspire742&amp;apos;, ip: &amp;apos;172.24.130.24&amp;apos;, os.name: &amp;apos;Windows 7&amp;apos;, os.arch: &amp;apos;amd64&amp;apos;, os.version: &amp;apos;6.1&amp;apos;, java.version: &amp;apos;1.8.0_73&amp;apos;
Driver info: driver.version: AndroidDriver">
      <![CDATA[java.lang.Exception: Exception encountered in getDriver Method.Could not start a new session. Possible causes are invalid address of the remote server or browser start-up failure.
Build info: version: '2.53.1', revision: 'a36b8b1cd5757287168e54b817830adce9b0158d', time: '2016-06-30 19:26:09'
System info: host: 'aspire742', ip: '172.24.130.24', os.name: 'Windows 7', os.arch: 'amd64', os.version: '6.1', java.version: '1.8.0_73'
Driver info: driver.version: AndroidDriver
	at genericLibrary.MobileDriverUtils.getDriver(MobileDriverUtils.java:72)
	at MFMA.Tests.SmokeTestCases.SmokeCaseTest1_2(SmokeTestCases.java:105)
... Removed 27 stack frames]]>
    </failure>
  </testcase> <!-- SmokeCaseTest1_2 -->
  <testcase name="SmokeCaseTest1_3" time="1.02" classname="MFMA.Tests.SmokeTestCases">
    <failure type="java.lang.Exception" message="Exception encountered in getDriver Method.Could not start a new session. Possible causes are invalid address of the remote server or browser start-up failure.
Build info: version: &amp;apos;2.53.1&amp;apos;, revision: &amp;apos;a36b8b1cd5757287168e54b817830adce9b0158d&amp;apos;, time: &amp;apos;2016-06-30 19:26:09&amp;apos;
System info: host: &amp;apos;aspire742&amp;apos;, ip: &amp;apos;172.24.130.24&amp;apos;, os.name: &amp;apos;Windows 7&amp;apos;, os.arch: &amp;apos;amd64&amp;apos;, os.version: &amp;apos;6.1&amp;apos;, java.version: &amp;apos;1.8.0_73&amp;apos;
Driver info: driver.version: AndroidDriver">
      <![CDATA[java.lang.Exception: Exception encountered in getDriver Method.Could not start a new session. Possible causes are invalid address of the remote server or browser start-up failure.
Build info: version: '2.53.1', revision: 'a36b8b1cd5757287168e54b817830adce9b0158d', time: '2016-06-30 19:26:09'
System info: host: 'aspire742', ip: '172.24.130.24', os.name: 'Windows 7', os.arch: 'amd64', os.version: '6.1', java.version: '1.8.0_73'
Driver info: driver.version: AndroidDriver
	at genericLibrary.MobileDriverUtils.getDriver(MobileDriverUtils.java:72)
	at MFMA.Tests.SmokeTestCases.SmokeCaseTest1_3(SmokeTestCases.java:136)
... Removed 27 stack frames]]>
    </failure>
  </testcase> <!-- SmokeCaseTest1_3 -->
  <testcase name="SmokeCaseTest1_4" time="1.008" classname="MFMA.Tests.SmokeTestCases">
    <failure type="java.lang.Exception" message="Exception encountered in getDriver Method.Could not start a new session. Possible causes are invalid address of the remote server or browser start-up failure.
Build info: version: &amp;apos;2.53.1&amp;apos;, revision: &amp;apos;a36b8b1cd5757287168e54b817830adce9b0158d&amp;apos;, time: &amp;apos;2016-06-30 19:26:09&amp;apos;
System info: host: &amp;apos;aspire742&amp;apos;, ip: &amp;apos;172.24.130.24&amp;apos;, os.name: &amp;apos;Windows 7&amp;apos;, os.arch: &amp;apos;amd64&amp;apos;, os.version: &amp;apos;6.1&amp;apos;, java.version: &amp;apos;1.8.0_73&amp;apos;
Driver info: driver.version: AndroidDriver">
      <![CDATA[java.lang.Exception: Exception encountered in getDriver Method.Could not start a new session. Possible causes are invalid address of the remote server or browser start-up failure.
Build info: version: '2.53.1', revision: 'a36b8b1cd5757287168e54b817830adce9b0158d', time: '2016-06-30 19:26:09'
System info: host: 'aspire742', ip: '172.24.130.24', os.name: 'Windows 7', os.arch: 'amd64', os.version: '6.1', java.version: '1.8.0_73'
Driver info: driver.version: AndroidDriver
	at genericLibrary.MobileDriverUtils.getDriver(MobileDriverUtils.java:72)
	at MFMA.Tests.SmokeTestCases.SmokeCaseTest1_4(SmokeTestCases.java:168)
... Removed 27 stack frames]]>
    </failure>
  </testcase> <!-- SmokeCaseTest1_4 -->
</testsuite> <!-- Samsung -->
