<?xml version="1.0" encoding="UTF-8"?>
<testsuite xmlns:xsi="http://www.w3.org/2001/XMLSchema-instance" xsi:schemaLocation="https://maven.apache.org/surefire/maven-surefire-plugin/xsd/surefire-test-report.xsd" name="TestSuite" time="205.422" tests="7" errors="0" skipped="0" failures="1">
  <properties>
[...]
</properties>
  <testcase name="SmokeCaseTest1_1" classname="MFMA.Tests.SmokeTestCases" time="19.113"/>
  <testcase name="SmokeCaseTest1_2" classname="MFMA.Tests.SmokeTestCases" time="19.652"/>
  <testcase name="SmokeCaseTest1_3" classname="MFMA.Tests.SmokeTestCases" time="22.364"/>
  <testcase name="SmokeCaseTest1_4" classname="MFMA.Tests.SmokeTestCases" time="23.951"/>
  <testcase name="SmokeCaseTest1_5" classname="MFMA.Tests.SmokeTestCases" time="25.901"/>
  <testcase name="SmokeCaseTest1_6" classname="MFMA.Tests.SmokeTestCases" time="22.358"/>
  <testcase name="SmokeCaseTest1_7" classname="MFMA.Tests.SmokeTestCases" time="10.213">
    <failure type="java.lang.NullPointerException">java.lang.NullPointerException
	at MFMA.Tests.SmokeTestCases.SmokeCaseTest1_7(SmokeTestCases.java:283)
</failure>
    <system-out><![CDATA[15-Jul-2016 18:15:03:307 INFO  [main]  
15-Jul-2016 18:15:03:310 INFO  [main] ****             MFMATest007             ***** 
15-Jul-2016 18:15:03:310 INFO  [main]  
15-Jul-2016 18:15:05:291 INFO  [main] Step-1: Started with Vault Screen 
15-Jul-2016 18:15:10:146 INFO  [main] step-2: Selecting Vault 
15-Jul-2016 18:15:10:147 DEBUG [main] Navigated to Vault Home Screen! 
15-Jul-2016 18:15:13:459 FATAL [main]  
java.lang.NullPointerException
	at MFMA.Screens.VaultHomeScreen.<init>(VaultHomeScreen.java:22)
	at MFMA.Factories.VaultHome.<init>(VaultHome.java:20)
	at MFMA.Factories.Vault.navigateToVaultHomeScreen(Vault.java:77)
	at MFMA.Tests.SmokeTestCases.SmokeCaseTest1_7(SmokeTestCases.java:283)
	at sun.reflect.NativeMethodAccessorImpl.invoke0(Native Method)
	at sun.reflect.NativeMethodAccessorImpl.invoke(NativeMethodAccessorImpl.java:62)
	at sun.reflect.DelegatingMethodAccessorImpl.invoke(DelegatingMethodAccessorImpl.java:43)
	at java.lang.reflect.Method.invoke(Method.java:497)
	at org.testng.internal.MethodInvocationHelper.invokeMethod(MethodInvocationHelper.java:84)
	at org.testng.internal.Invoker.invokeMethod(Invoker.java:714)
	at org.testng.internal.Invoker.invokeTestMethod(Invoker.java:901)
	at org.testng.internal.Invoker.invokeTestMethods(Invoker.java:1231)
	at org.testng.internal.TestMethodWorker.invokeTestMethods(TestMethodWorker.java:127)
	at org.testng.internal.TestMethodWorker.run(TestMethodWorker.java:111)
	at org.testng.TestRunner.privateRun(TestRunner.java:767)
	at org.testng.TestRunner.run(TestRunner.java:617)
	at org.testng.SuiteRunner.runTest(SuiteRunner.java:334)
	at org.testng.SuiteRunner.runSequentially(SuiteRunner.java:329)
	at org.testng.SuiteRunner.privateRun(SuiteRunner.java:291)
	at org.testng.SuiteRunner.run(SuiteRunner.java:240)
	at org.testng.SuiteRunnerWorker.runSuite(SuiteRunnerWorker.java:52)
	at org.testng.SuiteRunnerWorker.run(SuiteRunnerWorker.java:86)
	at org.testng.TestNG.runSuitesSequentially(TestNG.java:1224)
	at org.testng.TestNG.runSuitesLocally(TestNG.java:1149)
	at org.testng.TestNG.run(TestNG.java:1057)
	at org.apache.maven.surefire.testng.TestNGExecutor.run(TestNGExecutor.java:282)
	at org.apache.maven.surefire.testng.TestNGXmlTestSuite.execute(TestNGXmlTestSuite.java:83)
	at org.apache.maven.surefire.testng.TestNGProvider.invoke(TestNGProvider.java:114)
	at org.apache.maven.surefire.booter.ForkedBooter.invokeProviderInSameClassLoader(ForkedBooter.java:286)
	at org.apache.maven.surefire.booter.ForkedBooter.runSuitesInProcess(ForkedBooter.java:240)
	at org.apache.maven.surefire.booter.ForkedBooter.main(ForkedBooter.java:121)
15-Jul-2016 18:15:13:498 INFO  [main] ****             -E---N---D-             ***** 
]]></system-out>
  </testcase>
</testsuite>