<?xml version="1.0" encoding="UTF-8"?>
<testsuite xmlns:xsi="http://www.w3.org/2001/XMLSchema-instance" xsi:schemaLocation="https://maven.apache.org/surefire/maven-surefire-plugin/xsd/surefire-test-report.xsd" name="TestSuite" time="5.85" tests="4" errors="0" skipped="0" failures="4">
  <properties>
[...]
</properties>
  <testcase name="SmokeCaseTest1_1" classname="MFMA.Tests.SmokeTestCases" time="1.702">
    <failure message="Exception encountered in getDriver Method.Could not start a new session. Possible causes are invalid address of the remote server or browser start-up failure.&#10;Build info: version: &apos;2.53.1&apos;, revision: &apos;a36b8b1cd5757287168e54b817830adce9b0158d&apos;, time: &apos;2016-06-30 19:26:09&apos;&#10;System info: host: &apos;aspire742&apos;, ip: &apos;172.24.130.24&apos;, os.name: &apos;Windows 7&apos;, os.arch: &apos;amd64&apos;, os.version: &apos;6.1&apos;, java.version: &apos;1.8.0_73&apos;&#10;Driver info: driver.version: AndroidDriver" type="java.lang.Exception">java.lang.Exception: 
Exception encountered in getDriver Method.Could not start a new session. Possible causes are invalid address of the remote server or browser start-up failure.
Build info: version: '2.53.1', revision: 'a36b8b1cd5757287168e54b817830adce9b0158d', time: '2016-06-30 19:26:09'
System info: host: 'aspire742', ip: '172.24.130.24', os.name: 'Windows 7', os.arch: 'amd64', os.version: '6.1', java.version: '1.8.0_73'
Driver info: driver.version: AndroidDriver
	at MFMA.Tests.SmokeTestCases.SmokeCaseTest1_1(SmokeTestCases.java:74)
</failure>
  </testcase>
  <testcase name="SmokeCaseTest1_2" classname="MFMA.Tests.SmokeTestCases" time="1.008">
    <failure message="Exception encountered in getDriver Method.Could not start a new session. Possible causes are invalid address of the remote server or browser start-up failure.&#10;Build info: version: &apos;2.53.1&apos;, revision: &apos;a36b8b1cd5757287168e54b817830adce9b0158d&apos;, time: &apos;2016-06-30 19:26:09&apos;&#10;System info: host: &apos;aspire742&apos;, ip: &apos;172.24.130.24&apos;, os.name: &apos;Windows 7&apos;, os.arch: &apos;amd64&apos;, os.version: &apos;6.1&apos;, java.version: &apos;1.8.0_73&apos;&#10;Driver info: driver.version: AndroidDriver" type="java.lang.Exception">java.lang.Exception: 
Exception encountered in getDriver Method.Could not start a new session. Possible causes are invalid address of the remote server or browser start-up failure.
Build info: version: '2.53.1', revision: 'a36b8b1cd5757287168e54b817830adce9b0158d', time: '2016-06-30 19:26:09'
System info: host: 'aspire742', ip: '172.24.130.24', os.name: 'Windows 7', os.arch: 'amd64', os.version: '6.1', java.version: '1.8.0_73'
Driver info: driver.version: AndroidDriver
	at MFMA.Tests.SmokeTestCases.SmokeCaseTest1_2(SmokeTestCases.java:105)
</failure>
  </testcase>
  <testcase name="SmokeCaseTest1_3" classname="MFMA.Tests.SmokeTestCases" time="1.022">
    <failure message="Exception encountered in getDriver Method.Could not start a new session. Possible causes are invalid address of the remote server or browser start-up failure.&#10;Build info: version: &apos;2.53.1&apos;, revision: &apos;a36b8b1cd5757287168e54b817830adce9b0158d&apos;, time: &apos;2016-06-30 19:26:09&apos;&#10;System info: host: &apos;aspire742&apos;, ip: &apos;172.24.130.24&apos;, os.name: &apos;Windows 7&apos;, os.arch: &apos;amd64&apos;, os.version: &apos;6.1&apos;, java.version: &apos;1.8.0_73&apos;&#10;Driver info: driver.version: AndroidDriver" type="java.lang.Exception">java.lang.Exception: 
Exception encountered in getDriver Method.Could not start a new session. Possible causes are invalid address of the remote server or browser start-up failure.
Build info: version: '2.53.1', revision: 'a36b8b1cd5757287168e54b817830adce9b0158d', time: '2016-06-30 19:26:09'
System info: host: 'aspire742', ip: '172.24.130.24', os.name: 'Windows 7', os.arch: 'amd64', os.version: '6.1', java.version: '1.8.0_73'
Driver info: driver.version: AndroidDriver
	at MFMA.Tests.SmokeTestCases.SmokeCaseTest1_3(SmokeTestCases.java:136)
</failure>
  </testcase>
  <testcase name="SmokeCaseTest1_4" classname="MFMA.Tests.SmokeTestCases" time="1.003">
    <failure message="Exception encountered in getDriver Method.Could not start a new session. Possible causes are invalid address of the remote server or browser start-up failure.&#10;Build info: version: &apos;2.53.1&apos;, revision: &apos;a36b8b1cd5757287168e54b817830adce9b0158d&apos;, time: &apos;2016-06-30 19:26:09&apos;&#10;System info: host: &apos;aspire742&apos;, ip: &apos;172.24.130.24&apos;, os.name: &apos;Windows 7&apos;, os.arch: &apos;amd64&apos;, os.version: &apos;6.1&apos;, java.version: &apos;1.8.0_73&apos;&#10;Driver info: driver.version: AndroidDriver" type="java.lang.Exception">java.lang.Exception: 
Exception encountered in getDriver Method.Could not start a new session. Possible causes are invalid address of the remote server or browser start-up failure.
Build info: version: '2.53.1', revision: 'a36b8b1cd5757287168e54b817830adce9b0158d', time: '2016-06-30 19:26:09'
System info: host: 'aspire742', ip: '172.24.130.24', os.name: 'Windows 7', os.arch: 'amd64', os.version: '6.1', java.version: '1.8.0_73'
Driver info: driver.version: AndroidDriver
	at MFMA.Tests.SmokeTestCases.SmokeCaseTest1_4(SmokeTestCases.java:168)
</failure>
  </testcase>
</testsuite>