-------------------------------------------------------------------------------
Test set: TestSuite
-------------------------------------------------------------------------------
Tests run: 7, Failures: 1, Errors: 0, Skipped: 0, Time elapsed: 205.422 sec <<< FAILURE! - in TestSuite
SmokeCaseTest1_7(MFMA.Tests.SmokeTestCases)  Time elapsed: 10.213 sec  <<< FAILURE!
java.lang.NullPointerException
	at MFMA.Tests.SmokeTestCases.SmokeCaseTest1_7(SmokeTestCases.java:283)

