<?xml version="1.0" encoding="UTF-8"?>
<!-- Generated by org.testng.reporters.JUnitXMLReporter -->
<testsuite hostname="aspire1355" name="Moto" tests="7" failures="0" timestamp="16 Jul 2016 12:32:32 GMT" time="1.015" errors="0">
  <testcase name="@BeforeClass init" time="0.0" classname="MFMA.Tests.SmokeTestCases">
    <failure type="java.lang.Exception" message="Exception encountered in getDriver Method.Could not start a new session. Possible causes are invalid address of the remote server or browser start-up failure.
Build info: version: &amp;apos;2.53.1&amp;apos;, revision: &amp;apos;a36b8b1cd5757287168e54b817830adce9b0158d&amp;apos;, time: &amp;apos;2016-06-30 19:26:09&amp;apos;
System info: host: &amp;apos;aspire1355&amp;apos;, ip: &amp;apos;172.24.166.141&amp;apos;, os.name: &amp;apos;Windows 10&amp;apos;, os.arch: &amp;apos;amd64&amp;apos;, os.version: &amp;apos;10.0&amp;apos;, java.version: &amp;apos;1.8.0_60&amp;apos;
Driver info: driver.version: AndroidDriver">
      <![CDATA[java.lang.Exception: Exception encountered in getDriver Method.Could not start a new session. Possible causes are invalid address of the remote server or browser start-up failure.
Build info: version: '2.53.1', revision: 'a36b8b1cd5757287168e54b817830adce9b0158d', time: '2016-06-30 19:26:09'
System info: host: 'aspire1355', ip: '172.24.166.141', os.name: 'Windows 10', os.arch: 'amd64', os.version: '10.0', java.version: '1.8.0_60'
Driver info: driver.version: AndroidDriver
	at genericLibrary.MobileDriverUtils.getDriver(MobileDriverUtils.java:74)
	at MFMA.Tests.SmokeTestCases.init(SmokeTestCases.java:49)
... Removed 24 stack frames]]>
    </failure>
  </testcase> <!-- @BeforeClass init -->
  <testcase name="@AfterTest tearDown" time="0.0" classname="MFMA.Tests.SmokeTestCases">
    <skipped/>
  </testcase> <!-- @AfterTest tearDown -->
  <testcase name="SmokeCaseTest1_1" time="0.0" classname="MFMA.Tests.SmokeTestCases">
    <skipped/>
  </testcase> <!-- SmokeCaseTest1_1 -->
  <testcase name="SmokeCaseTest1_2" time="0.001" classname="MFMA.Tests.SmokeTestCases">
    <skipped/>
  </testcase> <!-- SmokeCaseTest1_2 -->
  <testcase name="SmokeCaseTest1_3" time="0.0" classname="MFMA.Tests.SmokeTestCases">
    <skipped/>
  </testcase> <!-- SmokeCaseTest1_3 -->
  <testcase name="SmokeCaseTest1_4" time="0.0" classname="MFMA.Tests.SmokeTestCases">
    <skipped/>
  </testcase> <!-- SmokeCaseTest1_4 -->
  <testcase name="SmokeCaseTest1_5" time="0.0" classname="MFMA.Tests.SmokeTestCases">
    <skipped/>
  </testcase> <!-- SmokeCaseTest1_5 -->
  <testcase name="SmokeCaseTest1_6" time="0.0" classname="MFMA.Tests.SmokeTestCases">
    <skipped/>
  </testcase> <!-- SmokeCaseTest1_6 -->
  <testcase name="SmokeCaseTest1_7" time="0.0" classname="MFMA.Tests.SmokeTestCases">
    <skipped/>
  </testcase> <!-- SmokeCaseTest1_7 -->
</testsuite> <!-- Moto -->
